[   0.00] Iniazinggrp suyspuse
[  0.00000Intialzingcgro ssys cp
[   0000] Itiizincgup ssycpuat[   0.000] Luxversn 4.0-2-neri(bldd@lg1-md6410(gcceron 5.001609 bunt5..06unt~1.04. )135-un SMP i n 191::36 C 18 (un 4.4-1.135enic 4.9
[  00000 Cmandin BOOIME=/bt/linu4.0-11geric otABEL=cudg-rofso cooltty1onlettyS
[  0.0000KERN sport cs:
  0.0000  InteGeineIel
[  0.0000  D AuencAMD[   0.00]   ntr CentrHuls   0.000 x86puxsta_oset[: 76, ste_izes]:256   0.000 x86fp SpporngSAVEeare 01:x87 oang pntegisrs
[   .0000]x8fp: Suorng XVEeatu 02: 'E gists'
[  0.0000x8fpu:uprtinXSE feur0x04'A regte'
[  .00000x8/fpuEnled ste eatus 7, cnte sizis32 besusin'sndar fma.
[   00000]86pu: in'laz F conxtwiches
[  0.00] e820BI-prodephysalAM m:[   .00000BI-e82 [em 00000000000-00000009fbf ubl
[  00000 BS-820:me0x0000000900x0000000ffffrerved[   0.00] BI-e0: [emx00000000000x0000000ffffrerved[   0.0000BIOS82 [mem 00000010000x00003ffeffusab
   0.000 BIOe8: [m 0000003f000-0000003fff] APIat
[  00000 BS-e820[mm 0x0000fe00-0x0000fc00f] serv
   0.000 BIOe8: [m 000000f00000x0000fe0ff] rerd
[  .00000BI-e82 [m 0x0000ff00-0x00000ffffffreseed
[  0.0000NXExece sabl ptectn:ctve
  0.0000 SIOS 5 esen
   0.000 Hypvir dect: KV
[  0.0000e820la_pfn 0x3ff0 m_ah_pf= 400000
[  0.0000MT: Disaed
[   0.0000] 6/PA MRs dabd, sppg PAinialiti too
[  0.00] CPU TR al blk virtlid syem
[   0.00] x8PA Congution0-: WB    - UCWBWT  -   
[   00000]fondMP Mtae atme0x00ff-0x09ff] mpeat [ff0000ff]
[  0000] anning aas f l memor crrtion[   0.0000 RDI: [m 06adc0-3756ff
    .000] AC: rly blchecumerifatn dibl
[   .0000]AC: SDP 00000000000 0024v02 OX)
[  0000] PI: DTx00000FFF00 003Cv0VBOX VXXSD000001SL000061
[    0000] PIFACPx00000FF0F0 00 (v0 VBO  VBFA 00000ASL 00061)[   0.00] AC: DT 0000003F00 00FFv02 OX VBOIO000002NTL 1028)   0.000 ACP FS 0x00003F02000004
[  0.0000] CPI:AC0x00003FFF0000040   0000] AI:PIC 000000FF40 005(v02VB  VBOXIC00001 L  0001)
  .0000]CPI:SDT 0x0000FFF02A001CC (v VOX  BOPUT 0002 IL 10528)[   0.00] NoUMconfurion un
[  0.0000Fanga no a[mem0x0000000000-0x00003ffff
[   .0000]ODDATA) locad em 0ff000-3ffff]
  .0000]vm-cckUsinms 4b5d0and 5600
  0.0000 k-clo: u 0,sr:3ff00 pimarcpclock    0000 kvmlo: usg hed fs o 353846 cyes
[  0.0000clksoue:vmcloc mk: 0fffffffff macyes: 1c2e4db,ax_ie_: 88901483ns
   0.000 Zonraes:   0.0000]  DM   [me0x0000001000x000000ffff][   0.00]   A3   [m 00000000000-000000fffff][   0.0000   Nma  emy[   .0000] Dice emy
[  0000] vablzo sta f eacno
[   .0000]ar memy de rge
[   .000]   de  0:me0x00000000010-00000009ef][   .0000] ne    [m x0000001000-0000003fffff
[  0.0000Initm tup de [me0x000000010-0x00003fff]
[  .00000] PI PM-meIO Pt:x400
[  0.0000] OAPI0]apicd  veron2,addrs fec000GSI 23
[  0.0000AC: INSROV (bu0 s_ir0 obalrq dl df
   0.00000 API: T_C_OVR us busrq glol_q  lowev)
[  .00000Usg AC (DT) foSMconfurion foaton
  0.0000 sbootAlwing Cs,0 holuCPUs[   0.0000 PM:egterenove mor [me0x00000-000fff
[  0.00] PM: giered navmemo: em 000000-00ffff
[  0.0000] M: Risred sa memy:me 0x0a000-0x000ff]
[  0000] : Rested navmemo: em0x0000-0x000ff]
[  .00000e8: [m 000000-fefffff]valabl f PI devis
[  0000] otng pavrtualid rneln M
[  0000] ocksrc refedifies:as: 0xffff m_cles:0xfffff,axdle_: 4551001568s[   0.000]etp_ercp NCPUS12r_cpasbits12r_cpid2 r_no_i:1
  0.0000] RCU:mbded  pescpu ff8003000 s995 r92 d52u10476
[  0.0000]  qinlo hh tae tres: 6 rder: 0, 46 byte
   0.000 Bui 1oneltsn No oer, bity goungon.  Talages2513
  0.000]olcy ze:MA32[   0.00] Keelomma le: BT_MAE=/bot/vmnuz-4.112-gerirootAB=cloimrotfs  csoletyconse=yS0   0.000 PIDastablenies:09(oder:, 768 te
[  00000] moy: 10040/10420K vaab (499Kerl co, 09K da, 39K daa, 150 iit, 16bss,63K rerv, 0Kmaeserd)
[  0.0000SL: HWig64, de0-3,inject0,PUs= Ndes=1
[  .00000] rnl/Us pe taessolaonenabd[   .0000]ierchicaRCimplention
[  0.0000	Bui-te adstnt ole fant  64.[   0.0000 	RCrerictg Us fm _CPU51to ncpids=
   0.000 RCUAdstingeetryorcu_fouleaf4,r_cpid2
[  0000] _IRQ334 nrrq440 
   0.000000]onso: lourGA80x2
[  0.0000conse ty1]naed
  0.0000 csolett0] ebl
[    0.000000] tsc: Detected 2194.920 MHz processor
[   34.221012] Calibrating delay loop (skipped) preset value.. 4389.84 BogoMIPS (lpj=8779680)
[   34.498695] pid_max: default: 32768 minimum: 301
[   34.667714] ACPI: Core revision 20150930
[   34.792755] ACPI: 2 ACPI AML tables successfully acquired and loaded
[   35.016597] Security Framework initialized
[   35.173098] Yama: becoming mindful.
[   35.284620] AppArmor: AppArmor initialized
[   35.439798] Dentry cache hash table entries: 131072 (order: 8, 1048576 bytes)
[   35.703648] Inode-cache hash table entries: 65536 (order: 7, 524288 bytes)
[   35.969011] Mount-cache hash table entries: 2048 (order: 2, 16384 bytes)
[   36.189064] Mountpoint-cache hash table entries: 2048 (order: 2, 16384 bytes)
[   36.436160] Initializing cgroup subsys io
[   36.574537] Initializing cgroup subsys memory
[   36.703097] Initializing cgroup subsys devices
[   36.865379] Initializing cgroup subsys freezer
[   37.035480] Initializing cgroup subsys net_cls
[   37.205577] Initializing cgroup subsys perf_event
[   37.374719] Initializing cgroup subsys net_prio
[   37.540919] Initializing cgroup subsys hugetlb
[   37.710028] Initializing cgroup subsys pids
[   37.862637] CPU: Physical Processor ID: 0
[   37.990629] CPU: Processor Core ID: 0
[   38.124704] FEATURE SPEC_CTRL Not Present
[   38.251707] mce: CPU supports 0 MCE banks
[   38.393420] Last level iTLB entries: 4KB 1024, 2MB 1024, 4MB 1024
[   38.587993] Last level dTLB entries: 4KB 1024, 2MB 1024, 4MB 1024, 1GB 4
[   38.828332] Freeing SMP alternatives memory: 32K
[   38.980995] ftrace: allocating 32180 entries in 126 pages
[   39.219008] smpboot: APIC(0) Converting physical 0 to logical package 0
[   39.434611] smpboot: Max logical packages: 1
[   39.579956] x2apic enabled
[   39.683045] Switched APIC routing to physical x2apic.
[   39.863783] ..TIMER: vector=0x30 apic1=0 pin1=2 apic2=-1 pin2=-1
[   40.187927] smpboot: CPU0: Intel(R) Core(TM) i7-4702MQ CPU @ 2.20GHz (family: 0x6, model: 0x3c, stepping: 0x3)
[   40.534302] Performance Events: unsupported p6 CPU model 60 no PMU driver, software events only.
[   40.825171] KVM setup paravirtual spinlock
[   40.962274] x86: Booting SMP configuration:
[   41.080845] .... node  #0, CPUs:      #1
[   41.221536] kvm-clock: cpu 1, msr 0:3ffe3041, secondary cpu clock
[   41.380583] mce: CPU supports 0 MCE banks
[   41.451071] x86: Booted up 1 node, 2 CPUs
[   41.582528] smpboot: Total of 2 processors activated (8779.68 BogoMIPS)
[   41.809743] devtmpfs: initialized
[   41.912819] evm: security.selinux
[   41.991956] evm: security.SMACK64
[   42.095659] evm: security.SMACK64EXEC
[   42.220714] evm: security.SMACK64TRANSMUTE
[   42.354647] evm: security.SMACK64MMAP
[   42.491844] evm: security.ima
[   42.603995] evm: security.capability
[   42.729558] clocksource: jiffies: mask: 0xffffffff max_cycles: 0xffffffff, max_idle_ns: 7645041785100000 ns
[   43.091139] futex hash table entries: 512 (order: 3, 32768 bytes)
[   43.315848] pinctrl core: initialized pinctrl subsystem
[   43.489859] RTC time:  9:39:31, date: 01/30/18
[   43.659833] NET: Registered protocol family 16
[   43.824689] cpuidle: using governor ladder
[   43.972282] cpuidle: using governor menu
[   44.073314] PCCT header not found.
[   44.163538] ACPI: bus type PCI registered
[   44.296477] acpiphp: ACPI Hot Plug PCI Controller Driver version: 0.5
[   44.502681] PCI: Using configuration type 1 for base access
[   44.680925] ACPI: Added _OSI(Module Device)
[   44.795906] ACPI: Added _OSI(Processor Device)
[   44.937583] ACPI: Added _OSI(3.0 _SCP Extensions)
[   45.004486] ACPI: Added _OSI(Processor Aggregator Device)
[   45.007080] ACPI: Executed 1 blocks of module-level executable AML code
[   45.203425] ACPI: Interpreter enabled
[   45.333475] ACPI: (supports S0 S5)
[   45.462505] ACPI: Using IOAPIC for interrupt routing
[   45.650392] PCI: Using host bridge windows from ACPI; if necessary, use "pci=nocrs" and report a bug
[   45.937403] ACPI: PCI Root Bridge [PCI0] (domain 0000 [bus 00-ff])
[   46.159415] acpi PNP0A03:00: _OSC: OS supports [ASPM ClockPM Segments MSI]
[   46.397280] acpi PNP0A03:00: _OSC: not requesting OS control; OS requires [ExtendedConfig ASPM ClockPM MSI]
[   46.728239] acpi PNP0A03:00: fail to add MMCONFIG information, can't access extended PCI configuration space under this bridge.
[   47.002173] PCI host bridge to bus 0000:00
[   47.003272] pci_bus 0000:00: root bus resource [io  0x0000-0x0cf7 window]
[   47.004875] pci_bus 0000:00: root bus resource [io  0x0d00-0xffff window]
[   47.011311] pci_bus 0000:00: root bus resource [mem 0x000a0000-0x000bffff window]
[   47.214676] pci_bus 0000:00: root bus resource [mem 0x40000000-0xfdffffff window]
[   47.456327] pci_bus 0000:00: root bus resource [bus 00-ff]
[   47.643583] pci 0000:00:01.1: legacy IDE quirk: reg 0x10: [io  0x01f0-0x01f7]
[   47.877308] pci 0000:00:01.1: legacy IDE quirk: reg 0x14: [io  0x03f6]
[   48.106058] pci 0000:00:01.1: legacy IDE quirk: reg 0x18: [io  0x0170-0x0177]
[   48.359258] pci 0000:00:01.1: legacy IDE quirk: reg 0x1c: [io  0x0376]
[   48.611040] pci 0000:00:07.0: quirk: [io  0x4000-0x403f] claimed by PIIX4 ACPI
[   48.859071] pci 0000:00:07.0: quirk: [io  0x4100-0x410f] claimed by PIIX4 SMB
[   49.086321] ACPI: PCI Interrupt Link [LNKA] (IRQs 5 9 10 *11)
[   49.236298] ACPI: PCI Interrupt Link [LNKB] (IRQs 5 9 *10 11)
[   49.404490] ACPI: PCI Interrupt Link [LNKC] (IRQs 5 *9 10 11)
[   49.563887] ACPI: PCI Interrupt Link [LNKD] (IRQs 5 9 10 *11)
[   49.740282] ACPI: Enabled 2 GPEs in block 00 to 07
[   49.912405] vgaarb: setting as boot device: PCI:0000:00:02.0
[   50.116993] vgaarb: device added: PCI:0000:00:02.0,decodes=io+mem,owns=io+mem,locks=none
[   50.401750] vgaarb: loaded
[   50.502110] vgaarb: bridge control possible 0000:00:02.0
[   50.703037] SCSI subsystem initialized
[   50.818127] ACPI: bus type USB registered
[   50.956777] usbcore: registered new interface driver usbfs
[   51.155230] usbcore: registered new interface driver hub
[   51.303043] usbcore: registered new device driver usb
[   51.448554] PCI: Using ACPI for IRQ routing
[   51.581107] NetLabel: Initializing
[   51.690067] NetLabel:  domain hash size = 128
[   51.842555] NetLabel:  protocols = UNLABELED CIPSOv4
[   52.021428] NetLabel:  unlabeled traffic allowed by default
[   52.220098] amd_nb: Cannot enumerate AMD northbridges
[   52.393958] clocksource: Switched to clocksource kvm-clock
[ 52859]ppmo AArr lest Ebl
  3.13] p:PnP AC ini
[ 53066]npPnAC: un3 vis
[   54.019910] clocksource: acpi_pm: mask: 0xffffff max_cycles: 0xffffff, max_idle_ns: 2085701024 ns
[   54.351352] NET: Registered protocol family 2
[   54.498779] TCP established hash table entries: 8192 (order: 4, 65536 bytes)
[   54.729818] TCP bind hash table entries: 8192 (order: 5, 131072 bytes)
[   54.973869] TCP: Hash tables configured (established 8192 bind 8192)
[   55.220317] UDP hash table entries: 512 (order: 2, 16384 bytes)
[   55.434258] UDP-Lite hash table entries: 512 (order: 2, 16384 bytes)
[   55.649385] NET: Registered protocol family 1
[   55.797907] pci 0000:00:00.0: Limiting direct PCI/PCI transfers
[   56.003241] pci 0000:00:01.0: Activating ISA DMA hang workarounds
[   56.207705] Unpacking initramfs...
[   58.074325] Freeing initrd memory: 10792K
[   58.217616] RAPL PMU detected, API unit is 2^-32 Joules, 4 fixed counters 10737418240 ms ovfl timer
[   58.549194] hw unit of domain pp0-core 2^-0 Joules
[   58.733001] hw unit of domain package 2^-0 Joules
[   58.886253] hw unit of domain dram 2^-0 Joules
[   59.005708] hw unit of domain pp1-gpu 2^-0 Joules
[   59.171792] platform rtc_cmos: registered platform RTC device (no PNP device found)
[   59.448614] Scanning for low memory corruption every 60 seconds
[   59.660003] audit: initializing netlink subsys (disabled)
[   59.872629] audit: type=2000 audit(1517305140.974:1): initialized
[   60.108536] Initialise system trusted keyring
[   60.266551] tsc: Refined TSC clocksource calibration: 2195.774 MHz
[   60.504211] clocksource: tsc: mask: 0xffffffffffffffff max_cycles: 0x1fa69abddd5, max_idle_ns: 440795230157 ns
[   60.507808] HugeTLB registered 2 MB page size, pre-allocated 0 pages
[   60.509054] zbud: loaded
[   60.509202] VFS: Disk quotas dquot_6.6.0
[   60.509229] VFS: Dquot-cache hash table entries: 512 (order 0, 4096 bytes)
[   60.509437] squashfs: version 4.0 (2009/01/31) Phillip Lougher
[   60.867458] fuse init (API version 7.23)
[   60.867604] Key type big_key registered
[   60.867638] Allocating IMA MOK and blacklist keyrings.
[   60.867832] Key type asymmetric registered
[   60.867837] Asymmetric key parser 'x509' registered
[   60.867872] Block layer SCSI generic (bsg) driver version 0.4 loaded (major 249)
[   60.867892] io scheduler noop registered
[   60.867894] io scheduler deadline registered (default)
[   60.867920] io scheduler cfq registered
[   60.868016] pci_hotplug: PCI Hot Plug PCI Core version: 0.5
[   60.868021] pciehp: PCI Express Hot Plug Controller Driver version: 0.4
[   60.868160] ACPI: AC Adapter [AC] (on-line)
[   60.868207] input: Power Button as /devices/LNXSYSTM:00/LNXPWRBN:00/input/input0
[   60.868209] ACPI: Power Button [PWRF]
[   60.868272] input: Sleep Button as /devices/LNXSYSTM:00/LNXSLPBN:00/input/input1
[   60.868273] ACPI: Sleep Button [SLPF]
[   60.868418] GHES: HEST is not enabled!
[   60.869034] ACPI: Battery Slot [BAT0] (battery present)
[   60.869066] Serial: 8250/16550 driver, 32 ports, IRQ sharing enabled
[   61.124593] 00:02: ttyS0 at I/O 0x3f8 (irq = 4, base_baud = 115200) is a 16550A
[   61.223066] Linux agpgart interface v0.103
[   61.554779] loop: module loaded
[   61.555466] scsi host0: ata_piix
[   61.555540] scsi host1: ata_piix
[   61.555577] ata1: PATA max UDMA/33 cmd 0x1f0 ctl 0x3f6 bmdma 0xd000 irq 14
[   61.555578] ata2: PATA max UDMA/33 cmd 0x170 ctl 0x376 bmdma 0xd008 irq 15
[   61.555688] libphy: Fixed MDIO Bus: probed
[   61.555690] tun: Universal TUN/TAP device driver, 1.6
[   61.555691] tun: (C) 1999-2004 Max Krasnyansky <maxk@qualcomm.com>
[   61.556056] PPP generic driver version 2.4.2
[   61.556124] ehci_hcd: USB 2.0 'Enhanced' Host Controller (EHCI) Driver
[   61.556129] ehci-pci: EHCI PCI platform driver
[   61.556148] ehci-platform: EHCI generic platform driver
[   61.556159] ohci_hcd: USB 1.1 'Open' Host Controller (OHCI) Driver
[   61.556164] ohci-pci: OHCI PCI platform driver
[   61.556173] ohci-platform: OHCI generic platform driver
[   61.556181] uhci_hcd: USB Universal Host Controller Interface driver
[   61.556238] i8042: PNP: PS/2 Controller [PNP0303:PS2K,PNP0f03:PS2M] at 0x60,0x64 irq 1,12
[   61.556679] serio: i8042 KBD port at 0x60,0x64 irq 1
[   61.556683] serio: i8042 AUX port at 0x60,0x64 irq 12
[   61.556773] mousedev: PS/2 mouse device common for all mice
[   61.557036] input: AT Translated Set 2 keyboard as /devices/platform/i8042/serio0/input/input2
[   61.557349] rtc_cmos rtc_cmos: rtc core: registered rtc_cmos as rtc0
[   61.557402] rtc_cmos rtc_cmos: alarms up to one day, 114 bytes nvram
[   61.557408] i2c /dev entries driver
[   61.557458] device-mapper: uevent: version 1.0.3
[   61.557505] device-mapper: ioctl: 4.34.0-ioctl (2015-10-28) initialised: dm-devel@redhat.com
[   61.557523] ledtrig-cpu: registered to indicate activity on CPUs
[   61.558025] NET: Registered protocol family 10
[   61.558167] NET: Registered protocol family 17
[   61.558176] Key type dns_resolver registered
[   61.558330] microcode: CPU0 sig=0x306c3, pf=0x40, revision=0x0
[   61.722120] microcode: CPU1 sig=0x306c3, pf=0x40, revision=0x0
[   61.722269] microcode: Microcode Update Driver: v2.01 <tigran@aivazian.fsnet.co.uk>, Peter Oruba
[   61.722399] registered taskstats version 1
[   61.722411] Loading compiled-in X.509 certificates
[   61.723066] Loaded X.509 cert 'Build time autogenerated kernel key: 4c603087bab8f0a02cb3b4e1fb4c40f507e71ef1'
[   61.723088] zswap: loaded using pool lzo/zbud
[   61.724751] Key type trusted registered
[   61.727669] Key type encrypted registered
[   61.727674] AppArmor: AppArmor sha1 policy hashing enabled
[   61.727677] ima: No TPM chip found, activating TPM-bypass!
[   61.727692] evm: HMAC attrs: 0x1
[   61.727949]   Magic number: 2:310:678
[   61.849349] rtc_cmos rtc_cmos: setting system clock to 2018-01-30 09:39:49 UTC (1517305189)
[   61.849489] BIOS EDD facility v0.16 2004-Jun-25, 0 devices found
[   61.849489] EDD information not available.
[   74.192165] Freeing unused kernel memory: 1508K
[   75.206019] Write protecting the kernel read-only data: 14336k
[   75.431017] Freeing unused kernel memory: 1728K
[   75.586262] Freeing unused kernel memory: 108K
Loading, please [   75.755861] random: systemd-udevd: uninitialized urandom read (16 bytes read, 5 bits of entropy available)
wait...
startin[   75.756528] random: udevadm: uninitialized urandom read (16 bytes read, 5 bits of entropy available)
g version 229
[   75.756553] random: udevadm: uninitialized urandom read (16 bytes read, 5 bits of entropy available)
[   75.768412] random: udevadm: uninitialized urandom read (16 bytes read, 5 bits of entropy available)
[   75.768463] random: udevadm: uninitialized urandom read (16 bytes read, 5 bits of entropy available)
[   75.768693] random: udevadm: uninitialized urandom read (16 bytes read, 5 bits of entropy available)
[   75.768783] random: udevadm: uninitialized urandom read (16 bytes read, 5 bits of entropy available)
[   75.768870] random: udevadm: uninitialized urandom read (16 bytes read, 5 bits of entropy available)
[   75.768944] random: udevadm: uninitialized urandom read (16 bytes read, 5 bits of entropy available)
[   75.769014] random: udevadm: uninitialized urandom read (16 bytes read, 5 bits of entropy available)
[   79.151351] e1000: Intel(R) PRO/1000 Network Driver - version 7.3.21-k8-NAPI
[   79.346325] e1000: Copyright (c) 1999-2006 Intel Corporation.
[   79.552019] Fusion MPT base driver 3.04.20
[   79.680157] Copyright (c) 1999-2008 LSI Corporation
[   79.820793] AVX2 version of gcm_enc/dec engaged.
[   79.982702] AES CTR mode by8 optimization enabled
[   80.144666] input: ImExPS/2 Generic Explorer Mouse as /devices/platform/i8042/serio1/input/input4
[   80.350434] Fusion MPT SPI Host driver 3.04.20
[   80.484467] e1000 0000:00:03.0 eth0: (PCI:33MHz:32-bit) 02:1f:2a:60:99:e3
[   80.739018] e1000 0000:00:03.0 eth0: Intel(R) PRO/1000 Network Connection
[   80.992059] e1000 0000:00:03.0 enp0s3: renamed from eth0
[   81.191044] mptbase: ioc0: Initiating bringup
[   81.953511] ioc0: LSI53C1030 A0: Capabilities={Initiator}
[   82.957051] floppy0: no floppy controllers found
[   83.405838] scsi host2: ioc0: LSI53C1030 A0, FwRev=00000000h, Ports=1, MaxQ=256, IRQ=20
[   83.815878] scsi 2:0:0:0: Direct-Access     VBOX     HARDDISK         1.0  PQ: 0 ANSI: 5
[   84.114314] scsi target2:0:0: Beginning Domain Validation
[   84.325185] scsi target2:0:0: Domain Validation skipping write tests
[   84.551129] scsi target2:0:0: Ending Domain Validation
[   84.744817] scsi target2:0:0: asynchronous
[   84.869922] scsi 2:0:1:0: Direct-Access     VBOX     HARDDISK         1.0  PQ: 0 ANSI: 5
[   85.092992] scsi target2:0:1: Beginning Domain Validation
[   85.291252] scsi target2:0:1: Domain Validation skipping write tests
[   85.514227] scsi target2:0:1: Ending Domain Validation
[   85.705965] scsi target2:0:1: asynchronous
[   85.872728] sd 2:0:0:0: [sda] 20971520 512-byte logical blocks: (10.7 GB/10.0 GiB)
[   86.105499] sd 2:0:0:0: Attached scsi generic sg0 type 0
[   86.293610] sd 2:0:1:0: Attached scsi generic sg1 type 0
[   86.293666] sd 2:0:1:0: [sdb] 20480 512-byte logical blocks: (10.5 MB/10.0 MiB)
[   86.293883] sd 2:0:0:0: [sda] Write Protect is off
[   86.294056] sd 2:0:1:0: [sdb] Write Protect is off
[   86.294074] sd 2:0:0:0: [sda] Incomplete mode parameter data
[   86.294075] sd 2:0:0:0: [sda] Assuming drive cache: write through
[   86.294219] sd 2:0:1:0: [sdb] Incomplete mode parameter data
[   86.294220] sd 2:0:1:0: [sdb] Assuming drive cache: write through
[   86.295910]  sda: sda1
[   86.297349] sd 2:0:1:0: [sdb] Attached SCSI disk
[   86.297354] sd 2:0:0:0: [sda] Attached SCSI disk
Begin: Loading e[   89.609767] md: linear personality registered for level -1
ssential drivers[   89.841321] md: multipath personality registered for level -4
 ... [   90.077052] md: raid0 personality registered for level 0
[   90.290398] md: raid1 personality registered for level 1
[   90.510770] raid6: sse2x1   gen()  9504 MB/s
[   90.738574] raid6: sse2x1   xor()  7298 MB/s
[   90.966326] raid6: sse2x2   gen() 11113 MB/s
[   91.190239] raid6: sse2x2   xor()  7860 MB/s
[   91.418011] raid6: sse2x4   gen() 13656 MB/s
[   91.641974] raid6: sse2x4   xor()  9212 MB/s
[   91.850118] raid6: avx2x1   gen() 17023 MB/s
[   92.073983] raid6: avx2x2   gen() 20863 MB/s
[   92.286151] raid6: avx2x4   gen() 23454 MB/s
[   92.445872] raid6: using algorithm avx2x4 gen() 23454 MB/s
[   92.649240] raid6: using avx2x2 recovery algorithm
[   92.829539] xor: automatically using best checksumming function:
[   93.106323]    avx       : 20711.000 MB/sec
[   93.263501] async_tx: api initialized (async)
[   93.421092] md: raid6 personality registered for level 6
[   93.615013] md: raid5 personality registered for level 5
[   93.814580] md: raid4 personality registered for level 4
[   94.011838] md: raid10 personality registered for level 10
done.
Begin: Running /scripts/init-pre[   94.242898] Btrfs loaded
mount ... done.
Begin: Mounting root file syste[   94.362796] EXT4-fs (sda1): mounted filesystem with ordered data mode. Opts: (null)
m ... Begin: Running /scripts/local-top ... done.
Begin: Running /scripts/local-premount ... Scanning for Btrfs filesystems
done.
Warning: fsck not present, so skipping root file system
done.
Begin: Running /scripts/local-bottom ... done.
Begin: Running /scripts/init-bottom ... done.
[   95.100668] systemd[1]: systemd 229 running in system mode. (+PAM +AUDIT +SELINUX +IMA +APPARMOR +SMACK +SYSVINIT +UTMP +LIBCRYPTSETUP +GCRYPT +GNUTLS +ACL +XZ -LZ4 +SECCOMP +BLKID +ELFUTILS +KMOD -IDN)
[   95.773015] systemd[1]: Detected virtualization oracle.
[   95.971319] systemd[1]: Detected architecture x86-64.

Welcome to [1mUbuntu 16.04.3 LTS[0m!

[   96.228673] systemd[1]: Set hostname to <ubuntu>.
[   96.409599] systemd[1]: Initializing machine ID from random generator.
[   96.664085] systemd[1]: Installed transient /etc/machine-id file.
[   96.958170] random: nonblocking pool is initialized
[   97.235649] systemd[1]: Reached target User and Group Name Lookups.
[[0;32m  OK  [0m] Reached target User and Group Name Lookups.
[   97.557068] systemd[1]: Listening on Journal Socket.
[[0;32m  OK  [0m] Listening on Journal Socket.
[   97.819617] systemd[1]: Listening on Journal Audit Socket.
[[0;32m  OK  [0m] Listening on Journal Audit Socket.
[   98.098879] systemd[1]: Listening on Syslog Socket.
[[0;32m  OK  [0m] Listening on Syslog Socket.
[   98.363802] systemd[1]: Listening on Device-mapper event daemon FIFOs.
[[0;32m  OK  [0m] Listening on Device-mapper event daemon FIFOs.
[   98.719263] systemd[1]: Reached target Swap.
[[0;32m  OK  [0m] Reached target Swap.
[   98.959143] systemd[1]: Listening on udev Control Socket.
[[0;32m  OK  [0m] Listening on udev Control Socket.
[   99.230797] systemd[1]: Listening on LVM2 poll daemon socket.
[[0;32m  OK  [0m] Listening on LVM2 poll daemon socket.
[   99.556512] systemd[1]: Created slice System Slice.
[[0;32m  OK  [0m] Created slice System Slice.
[   99.787766] systemd[1]: Created slice system-serial\x2dgetty.slice.
[[0;32m  OK  [0m] Created slice system-serial\x2dgetty.slice.
[  100.127106] systemd[1]: Mounting POSIX Message Queue File System...
         Mounting POSIX Message Queue File System...
[  100.418627] systemd[1]: Starting Uncomplicated firewall...
         Starting Uncomplicated firewall...
[  100.699376] systemd[1]: Starting Create list of required static device nodes for the current kernel...
         Starting Create list of required st... nodes for the current kernel...
[  101.170830] systemd[1]: Mounting Debug File System...
         Mounting Debug File System...
[  101.406708] systemd[1]: Mounting Huge Pages File System...
         Mounting Huge Pages File System...
[  101.703227] systemd[1]: Starting Load Kernel Modules...
[  1.898 Ldi iSIrapo css2.87.
         Startin[  102.446087] iscsi: registered transport (tcp)
g Load Kernel Modules...
[  102.648361] iscsi: registered transport (iser)
[  103.590963] systemd[1]: Starting Remount Root and Kernel File Systems...
[  103.595013] EXT4-fs (sda1): re-mounted. Opts: (null)
         Starting Remount Root and Kernel File Systems...
[  104.115118] systemd[1]: Started Forward Password Requests to Wall Directory Watch.
[[0;32m  OK  [0m] Started Forward Password Requests to Wall Directory Watch.
[  104.526863] systemd[1]: Starting Set console keymap...
         Starting Set console keymap...
[  104.774660] systemd[1]: Listening on LVM2 metadata daemon socket.
[[0;32m  OK  [0m] Listening on LVM2 metadata daemon socket.
[  105.075266] systemd[1]: Starting Monitoring of LVM2 mirrors, snapshots etc. using dmeventd or progress polling...
         Starting Monitoring of LVM2 mirrors... dmeventd or progress polling...
[  105.542898] systemd[1]: Listening on Journal Socket (/dev/log).
[[0;32m  OK  [0m] Listening on Journal Socket (/dev/log).
[  105.850738] systemd[1]: Starting Journal Service...
         Starting Journal Service...
[  106.098855] systemd[1]: Reached target Encrypted Volumes.
[[0;32m  OK  [0m] Reached target Encrypted Volumes.
[  106.372627] systemd[1]: Created slice User and Session Slice.
[[0;32m  OK  [0m] Created slice User and Session Slice.
[  106.683320] systemd[1]: Reached target Slices.
[[0;32m  OK  [0m] Reached target Slices.
[  106.863001] systemd[1]: Listening on /dev/initctl Compatibility Named Pipe.
[[0;32m  OK  [0m] Listening on /dev/initctl Compatibility Named Pipe.
[  107.238641] systemd[1]: Starting Nameserver information manager...
         Starting Nameserver information manager...
[  107.566949] systemd[1]: Started Trigger resolvconf update for networkd DNS.
[[0;32m  OK  [0m] Started Trigger resolvconf update for networkd DNS.
[  107.927218] systemd[1]: Listening on udev Kernel Socket.
[[0;32m  OK  [0m] Listening on udev Kernel Socket.
[  108.208253] systemd[1]: Set up automount Arbitrary Executable File Formats File System Automount Point.
[[0;32m  OK  [0m] Set up automount Arbitrary Executab...ats File System Automount Point.
[  108.734409] systemd[1]: Mounted Huge Pages File System.
[[0;32m  OK  [0m] Mounted Huge Pages File System.
[  108.990796] systemd[1]: Mounted Debug File System.
[[0;32m  OK  [0m] Mounted Debug File System.
[  109.235485] systemd[1]: Mounted POSIX Message Queue File System.
[[0;32m  OK  [0m] Mounted POSIX Message Queue File System.
[  109.547795] systemd[1]: Started Journal Service.
[[0;32m  OK  [0m] Started Journal Service.
[[0;32m  OK  [0m] Started Uncomplicated firewall.
[[0;32m  OK  [0m] Started Create list of required sta...ce nodes for the current kernel.
[[0;32m  OK  [0m] Started Load Kernel Modules.
[[0;32m  OK  [0m] Started Remount Root and Kernel File Systems.
[[0;32m  OK  [0m] Started Set console keymap.
[[0;32m  OK  [0m] Started Nameserver information manager.
[[0;32m  OK  [0m] Started LVM2 metadata daemon.
         Starting Load/Save Random Seed...
         Starting Initial cloud-init job (pre-networking)...
         Starting udev Coldplug all Devices...
         Starting Apply Kernel Variables...
         Mounting FUSE Control FileeSystem...
         Starting Create Static Device Nodes in /dev...
         Starting Flush Journal to Persistent Storage...
[[0;32m  OK  [0m] Mounted FUSE Control File System.
[[0;32m  OK  [0m] Started Monitoring of LVM2 mirrors,...ng dmeventd or progress polling.
[[0;32m  OK  [0m] Started Load/Save Random Seed.
[[0;32m  OK  [0m] Started Apply Kernel Variables.
[[0;32m  OK  [0m] Started Create Static Device Nodes in /dev.
[[0;32m  OK  [0m] Started udev Coldplug all Devices.
[   59.967133] cloud-init[451]: Cloud-init v. 17.1 running 'init-local' at Tue, 30 Jan 2018 09:40:39 +0000. Up 59.71 seconds.
         Starting udev Kernel Device Manager...
[[0;32m  OK  [0m] Started udev Kernel Device Manager.
[[0;32m  OK  [0m] Started Flush Journal to Persistent Storage.
[[0;32m  OK  [0m] Started Initial cloud-init job (pre-networking).
[[0;32m  OK  [0m] Found device /dev/ttyS0.
[[0;32m  OK  [0m] Listening on Load/Save RF Kill Switch Status /dev/rfkill Watch.
[[0;32m  OK  [0m] Reached target Network (Pre).
[[0;32m  OK  [0m] Started Dispatch Password Requests to Console Directory Watch.
[[0;32m  OK  [0m] Reached target Local File Systems (Pre).
[[0;32m  OK  [0m] Reached target Local File Systems.
         Starting Create Volatile Files and Directories...
         Starting Tell Plymouth To Write Out Runtime Data...
         Starting Set console font and keymap...
         Starting LSB: AppArmor initialization...
         Starting Commit a transient machine-id on disk...
[[0;32m  OK  [0m] Started Create Volatile Files and Directories.
[[0;32m  OK  [0m] Started Tell Plymouth To Write Out Runtime Data.
[[0;32m  OK  [0m] Started Commit a transient machine-id on disk.
[[0;32m  OK  [0m] Reached target System Time Synchronized.
         Starting Update UTMP about System Boot/Shutdown...
[[0;32m  OK  [0m] Started Update UTMP about System Boot/Shutdown.
[[0;32m  OK  [0m] Started Set console font and keymap.
[[0;32m  OK  [0m] Created slice system-getty.slice.
[[0;32m  OK  [0m] Started LSB: AppArmor initialization.
[[0;32m  OK  [0m] Started ifup for enp0s3.
         Starting Raise network interfaces...
[[0;32m  OK  [0m] Started Raise network interfaces.
[[0;32m  OK  [0m] Reached target Network.
         Starting Initial cloud-init job (metadata service crawler)...
[   64.293022] cloud-init[965]: Cloud-init v. 17.1 running 'init' at Tue, 30 Jan 2018 09:40:43 +0000. Up 63.70 seconds.
[   64.465242] cloud-init[965]: ci-info: +++++++++++++++++++++++++++++++++++++Net device info++++++++++++++++++++++++++++++++++++++
[   64.465877] cloud-init[965]: ci-info: +--------+------+----------------------------+---------------+-------+-------------------+
[[0;32m  OK  [0m] Started Initial cloud-init job (metadata service crawler).
[   64.466152] cloud-init[965]: ci-info: | Device |  Up  |          Address           |      Mask     | Scope |     Hw-Address    |
[[   65.205661] cloud-init[965]: ci-info: +--------+------+----------------------------+---------------+-------+-------------------+
[   65.207114] cloud-init[965]: ci-info: | enp0s3 | True |         10.0.2.15          | 255.255.255.0 |   .   | 02:1f:2a:60:99:e3 |
[0;32m  OK  [0m] Reached target Network is Online.
[   65.207603] cloud-init[965]: ci-info: | enp0s3 | True | fe80::1f:2aff:fe60:99e3/64 |       .       |  link | 02:1f:2a:60:99:e3 |
[   65.868914] cloud-init[965]: ci-info: |   lo   | True |         127.0.0.1          |   255.0.0.0   |   .   |         .         |
[   65.870072] cloud-init[965]: ci-info: |   lo   | True |          ::1/128           |       .       |  host |         .         |
         Starting iSCSI initiator daemon (iscsid)...
[   65.870556] cloud-init[965]: ci-info: +--------+------+----------------------------+---------------+-------+-------------------+
[   66.350729] cloud-init[965]: ci-info: +++++++++++++++++++++++++++Route IPv4 info++++++++++++++++++++++++++++
[[0;32m  OK  [0m] Reached target System Initialization.
[   66.351105] cloud-init[965]: ci-info: +-------+-------------+----------+---------------+-----------+-------+
[   66.827938] cloud-init[965]: ci-info: | Route | Destination | Gateway  |    Genmask    | Interface | Flags |
[[0;32m  OK  [0m] Listening on D-Bus System Message Bus Socket.
[   66.828260] cloud-init[965]: ci-info: +-------+-------------+----------+---------------+-----------+-------+
[   67.269850] cloud-init[965]: ci-info: |   0   |   0.0.0.0   | 10.0.2.2 |    0.0.0.0    |   enp0s3  |   UG  |
[[0;32m  OK  [0m] Started Daily Cleanup of Temporary Directories.
[[   67.270207] cloud-init[965]: ci-info: |   1   |   10.0.2.0  | 0.0.0.0  | 255.255.255.0 |   enp0s3  |   U   |
[   67.714564] cloud-init[965]: ci-info: +-------+-------------+----------+---------------+-----------+-------+
[0;32m  OK  [0m] Started Daily apt download activities.
[[   67.715039] cloud-init[965]: Generating public/private rsa key pair.
[   68.213567] cloud-init[965]: Your identification has been saved in /etc/ssh/ssh_host_rsa_key.
[0;32m  OK  [0m] Started Daily apt upgrade and clean activities.
[   68.213739] cloud-init[965]: Your public key has been saved in /etc/ssh/ssh_host_rsa_key.pub.
[   68.680821] cloud-init[965]: The key fingerprint is:
[   68.681691] cloud-init[965]: SHA256:eGV4DAJspb/bV+IozSSnydxEpHlI0JXdmxAKTGurvVE root@ubuntu-xenial
         Starting LXD - unix socket.
[[   68.682100] cloud-init[965]: The key's randomart image is:
[   68.964845] cloud-init[965]: +---[RSA 2048]----+
[0;32m  OK  [0m] Listening on ACPID Listen Socket.
         [   68.964927] Starting Socket activation for snappy daemon.cloud-init
[965]: |   .oB=.oo.o     |
[   69.501207] cloud-init[965]: |    o.++o=o .    |
[   69.501485] cloud-init[965]: |   ...o=o =. o   |
[[0;32m  OK  [0m] Started ACPI Events Check.
[[   69.501617] cloud-init[965]: |     o+oo+  o    |
[   69.741563] cloud-init[965]: |      +oE        |
[0;32m  OK  [0m] Reached target Paths.
[[   69.741663] cloud-init[965]: |     o.++ . .    |
[   69.962075] cloud-init[965]: |    .o+@ o o     |
[0;32m  OK  [0m] Started Timer to automatically refresh installed snaps.
[   69.962255] cloud-init[965]: |      *== o      |
[   70.254723] cloud-init[965]: |      o...       |
[[0;32m  OK  [0m] Reached target Timers.
[   70.255983] cloud-init[965]: +----[SHA256]-----+
[   70.677454] cloud-init[965]: Generating public/private dsa key pair.
[[0;32m  OK  [0m] Listening on UUID daemon activation socket.
[[   70.677689] cloud-init[965]: Your identification has been saved in /etc/ssh/ssh_host_dsa_key.
[   70.982423] cloud-init[965]: Your public key has been saved in /etc/ssh/ssh_host_dsa_key.pub.
[0;32m  OK  [0m] Reached target Cloud-config availability.
[   70.982684] cloud-init[965]: The key fingerprint is:
[   71.481153] cloud-init[965]: SHA256:WdMm4Umg5PZpcE9savD3f53tE/on++xIHibJCs2LIxw root@ubuntu-xenial
[   71.482127] cloud-init[965]: The key's randomart image is:
[[0;32m  OK  [0m] Listening on LXD - unix socket.
[   71.482602] cloud-init[965]: +---[DSA 1024]----+
[   71.930366] cloud-init[965]: |      . ..o      |
[[0;32m  OK  [0m] Listening on Socket activation for snappy daemon.
[[   71.930834] cloud-init[965]: |     o . + +     |
[   72.193215] cloud-init[965]: |      * . X o    |
[0;32m  OK  [0m] Started iSCSI initiator daemon (iscsid).
[   72.193395] cloud-init[965]: |     . * O +     |
[   72.520830] cloud-init[965]: |        S o      |
[   72.521641] cloud-init[965]: |      Eo + o . . |
         Starting Login to default iSCSI targets...
[[   72.521974] cloud-init[965]: |     . .. o = = =|
[   72.761136] cloud-init[965]: |      o .o o B.*=|[0;32m  OK  [0m
] Reached target Sockets.
[[   72.761241] cloud-init[965]: |       ...o   *OB|
[   72.984651] cloud-init[965]: +----[SHA256]-----+
[0;32m  OK  [0m] Reached target Basic System.
[   72.984760] cloud-init[965]: Generating public/private ecdsa key pair.
[   73.321263] cloud-init[965]: Your identification has been saved in /etc/ssh/ssh_host_ecdsa_key.
[   73.321803] cloud-init[965]: Your public key has been saved in /etc/ssh/ssh_host_ecdsa_key.pub.
         Starting LSB: Record successful boot for GRUB...
[   73.322027] cloud-init[965]: The key fingerprint is:
[   73.797370] cloud-init[965]: SHA256:uF+owzwEidIVZK22CIMe+swWBZjt0r3b1F0BZ8c7Qj4 root@ubuntu-xenial
[   73.798223] cloud-init[965]: The key's randomart image is:
         Starting System Logging Service...
[   73.798515] cloud-init[965]: +---[ECDSA 256]---+
[   74.248887] cloud-init[965]: | + .+o    ..o..  |
         Starting /etc/rc.local Compatibility...
[   74.249276] cloud-init[965]: |o o.. .    oo..  |
[   74.458040] cloud-init[965]: |.+ = o     o . . |
[   74.458960] cloud-init[965]: |*.= B  .    E o  |
[[0;32m  OK  [0m] Started FUSE filesystem for LXC.
[   74.459338] cloud-init[965]: |o=.+ +..S. . o . |
[[0;32m  OK  [0m] Started Unattended Upgrades Shutdown.
[   74.789044] cloud-init[965]: |..o o o....      |
[   74.972758] cloud-init[965]: | + . B. . .      |
[   74.972920] cloud-init[965]: |  = . *o .       |
         Starting Apply the settings specified in cloud-config...
[   74.973199] cloud-init[965]: | .    .o.        |
[   75.231475] cloud-init[965]: +----[SHA256]-----+
[   75.231729] cloud-init[965]: Generating public/private ed25519 key pair.
         Starting Snappy daemon...
[   75.231893] cloud-init[965]: Your identification has been saved in /etc/ssh/ssh_host_ed25519_key.
[   75.600746] cloud-init[965]: Your public key has been saved in /etc/ssh/ssh_host_ed25519_key.pub.
[   75.601043] cloud-init[965]: The key fingerprint is:
         Starting Accounts Service...
[   75.601159] cloud-init[965]: SHA256:gZHzv+xZYK8WrggzwGV2z7thuPgfGDzHf/3EoPRD7sE root@ubuntu-xenial
[   76.008422] cloud-init[965]: The key's randomart image is:
[   76.008691] cloud-init[965]: +--[ED25519 256]--+
         Starting Pollinate to seed the pseudo random number generator...
[   76.008853] cloud-init[965]: |      ..         |
[   76.280661] cloud-init[965]: |      oo         |
[   76.280962] cloud-init[965]: |    + oo.        |
         Starting LSB: MD monitoring daemon...
[   76.281088] cloud-init[965]: | . + o +..       |
[   76.501099] cloud-init[965]: |  o   + S.o . o  |
[   76.501364] cloud-init[965]: |   .   * +o+ B o |
[[0;32m  OK  [0m] Started Deferred execution scheduler.
[   76.501542] cloud-init[965]: |    + o =o.o= E o|
[   76.777075] cloud-init[965]: |     = + +== . = |
[   76.777747] cloud-init[965]: |    ..+.+++   . .|
[[0;32m  OK  [0m] Started Regular background program processing daemon.
[   76.778081] cloud-init[965]: +----[SHA256]-----+
[[0;32m  OK  [0m] Started D-Bus System Message Bus.
[   77.143026] cloud-init[1086]: Generating locales (this might take a while)...
[   77.312701] cloud-init[1086]:   en_US.UTF-8... done
[   77.312908] cloud-init[1086]: Generation complete.
         Starting Login Service...
[   77.313047] cloud-init[1086]: Cloud-init v. 17.1 running 'modules:config' at Tue, 30 Jan 2018 09:40:54 +0000. Up 75.08 seconds.
[[0;32m  OK  [0m] Started ACPI event daemon.
         Starting LXD - container startup/shutdown...
[[0;32m  OK  [0m] Started System Logging Service.
[[0;32m  OK  [0m] Started Snappy daemon.
[[0;32m  OK  [0m] Started /etc/rc.local Compatibility.
[[0;32m  OK  [0m] Started Apply the settings specified in cloud-config.
[[0;32m  OK  [0m] Started Pollinate to seed the pseudo random number generator.
[[0;32m  OK  [0m] Started LXD - container startup/shutdown.
[[0;32m  OK  [0m] Started Login to default iSCSI targets.
[[0;32m  OK  [0m] Started LSB: Record successful boot for GRUB.
[[0;32m  OK  [0m] Started LSB: MD monitoring daemon.
         Starting Authenticate and Authorize Users to Run Privileged Tasks...
[[0;32m  OK  [0m] Reached target Remote File Systems (Pre).
[[0;32m  OK  [0m] Reached target Remote File Systems.
         Starting LSB: VirtualBox Linux Additions...
         Starting LSB: automatic crash report generation...
         Starting LSB: Set the CPU Frequency Scaling governor to "ondemand"...
         Starting Permit User Sessions...
         Starting LSB: daemon to balance interrupts for SMP systems...
         Starting OpenBSD Secure Shell server...
[[0;32m  OK  [0m] Started OpenBSD Secure Shell server.
[[0;32m  OK  [0m] Started Permit User Sessions.
[[0;32m  OK  [0m] Started Login Service.
[[0;32m  OK  [0m] Started Authenticate and Authorize Users to Run Privileged Tasks.
[[0;32m  OK  [0m] Started Accounts Service.
         Starting Hold until boot process finishes up...
         Starting Terminate Plymouth Boot Screen...
[[0;32m  OK  [0m] Started LSB: VirtualBox Linux Additions.
[[0;32m  OK  [0m] Started LSB: automatic crash report generation.
[[0;32m  OK  [0m] Started LSB: Set the CPU Frequency Scaling governor to "ondemand".
[[0;32m  OK  [0m] Started Hold until boot process finishes up.
[[0;32m  OK  [0m] Started Terminaae Plymouth Boot Screen.
[[0;32m  OK  [0m] Started Getty on tty1.
         Starting Set console scheme...
[[0;32m  OK  [0m] Started Serial Getty on ttyS0.
[[0;32m  OK  [0m] Reached target Login Prompts.
[[0;32m  OK  [0m] Started LSB: daemon to balance interrupts for SMP systems.
[[0;32m  OK  [0m] Started Set console scheme.
[[0;32m  OK  [0m] Reached target Multi-User System.
         Starting Execute cloud user/final scripts...
[[0;32m  OK  [0m] Reached target Graphical Interface.
         Starting Update UTMP about System Runlevel Changes...
[[0;32m  OK  [0m] Started Update UTMP about System Runlevel Changes.
ci-info: no authorized ssh keys fingerprints found for user ubuntu.
<14>Jan 30 09:41:01 ec2: 
<14>Jan 30 09:41:01 ec2: #############################################################
<14>Jan 30 09:41:01 ec2: -----BEGIN SSH HOST KEY FINGERPRINTS-----
<14>Jan 30 09:41:01 ec2: 1024 SHA256:WdMm4Umg5PZpcE9savD3f53tE/on++xIHibJCs2LIxw root@ubuntu-xenial (DSA)
<14>Jan 30 09:41:01 ec2: 256 SHA256:uF+owzwEidIVZK22CIMe+swWBZjt0r3b1F0BZ8c7Qj4 root@ubuntu-xenial (ECDSA)
<14>Jan 30 09:41:01 ec2: 256 SHA256:gZHzv+xZYK8WrggzwGV2z7thuPgfGDzHf/3EoPRD7sE root@ubuntu-xenial (ED25519)
<14>Jan 30 09:41:01 ec2: 2048 SHA256:eGV4DAJspb/bV+IozSSnydxEpHlI0JXdmxAKTGurvVE root@ubuntu-xenial (RSA)
<14>Jan 30 09:41:01 ec2: -----END SSH HOST KEY FINGERPRINTS-----
<14>Jan 30 09:41:01 ec2: #############################################################
-----BEGIN SSH HOST KEY KEYS-----
ecdsa-sha2-nistp256 AAAAE2VjZHNhLXNoYTItbmlzdHAyNTYAAAAIbmlzdHAyNTYAAABBBM9R+u8uYUfaf3HUCpYuv00z8qmzD/L8xaUnjeoO+4Zt2h+N3gULaTa26csa9LOdvzKjkpCmVNgyWoFFkgGn0gk= root@ubuntu-xenial
ssh-ed25519 AAAAC3NzaC1lZDI1NTE5AAAAIHqyXxXw3rjrtP2DK7l3COYWIMVbx2ihxd9TuNby2mdN root@ubuntu-xenial
ssh-rsa AAAAB3NzaC1yc2EAAAADAQABAAABAQDCYIClr7cLaPwRCrdFmkpyhECD0ftfrPwCTs3UCGnUOXZsO4oL8OSA8jNHvdoz6jVTd/P+xbfsC/u0keRNl2kNri1Mjc6cyWYWpsVhFlZKPtxioSnvPlRxJu97arhr+kL21i0fVLVGHQTqUqb+0QyX/JEBWD1X/ZbZ9dI1qI1u8LyHCeB20bDmtDuBmHfitYFTaYYmxKV/t+ytF1pnCXmNAl/gxwM2G41E1I5tx8tsPYCxhbmMYu+FqvKKEDS3pnK3qMTuLWBylsbUKExEZcPE4ln8yv4uNounC7oJPvieQz7As9NyTA25jVMzlo4KMgSEZ3rRJ5BcG8OTXGOuFXuV root@ubuntu-xenial
-----END SSH HOST KEY KEYS-----
[[0;32m  OK  [0m] Created slice User Slice of vagrant.
[   84.400519] cloud-init[1315]: Cloud-init v. 17.1 running 'modules:final' at Tue, 30 Jan 2018 09:41:01 +0000. Up 81.79 seconds.
[   84.625868] cloud-init[1315]: ci-info: no authorized ssh keys fingerprints found for user ubuntu.
         Starting User Manager for UID 1000...
[   84.626713] cloud-init[1315]: Cloud-init v. 17.1 finished at Tue, 30 Jan 2018 09:41:03 +0000. Datasource DataSourceNoCloud [seed=/dev/sdb][dsmode=net].  Up 84.37 seconds
[[0;32m  OK  [0m] Started User Manager for UID 1000.
[[0;32m  OK  [0m] Started Execute cloud user/final scripts.
[[0;32m  OK  [0m] Started Session 1 of user vagrant.
[[0;32m  OK  [0m] Reached target Cloud-init target.

Ubuntu 16.04.3 LTS ubuntu-xenial ttyS0

ubuntu-xenial login: 